09:18:09.133 logback [main] DEBUG o.s.b.c.l.ClasspathLoggingApplicationListener - Application started with classpath: unknown
09:18:09.205 logback [main] INFO  c.roll.wrench.inner.InnerApplication - Starting InnerApplication on haozongqiangdeMacBook-Pro.local with PID 57546 (/Users/haozongqiang/github/wrench/inner/target/classes started by haozongqiang in /Users/haozongqiang/github/wrench)
09:18:09.205 logback [main] INFO  c.roll.wrench.inner.InnerApplication - No active profile set, falling back to default profiles: default
09:18:09.206 logback [main] DEBUG o.s.boot.SpringApplication - Loading source class com.roll.wrench.inner.InnerApplication
09:18:09.243 logback [main] DEBUG o.s.b.c.c.ConfigFileApplicationListener - Loaded config file 'file:/Users/haozongqiang/github/wrench/inner/target/classes/application.properties' (classpath:/application.properties)
09:18:09.243 logback [main] DEBUG o.s.b.w.s.c.AnnotationConfigServletWebServerApplicationContext - Refreshing org.springframework.boot.web.servlet.context.AnnotationConfigServletWebServerApplicationContext@3336e6b6
09:18:10.440 logback [main] DEBUG o.s.b.w.e.t.TomcatServletWebServerFactory - Code archive: /Users/haozongqiang/.m2/repository/org/springframework/boot/spring-boot/2.1.3.RELEASE/spring-boot-2.1.3.RELEASE.jar
09:18:10.440 logback [main] DEBUG o.s.b.w.e.t.TomcatServletWebServerFactory - Code archive: /Users/haozongqiang/.m2/repository/org/springframework/boot/spring-boot/2.1.3.RELEASE/spring-boot-2.1.3.RELEASE.jar
09:18:10.441 logback [main] DEBUG o.s.b.w.e.t.TomcatServletWebServerFactory - None of the document roots [src/main/webapp, public, static] point to a directory and will be ignored.
09:18:10.462 logback [main] INFO  o.s.b.w.e.tomcat.TomcatWebServer - Tomcat initialized with port(s): 8082 (http)
09:18:10.474 logback [main] INFO  o.a.coyote.http11.Http11NioProtocol - Initializing ProtocolHandler ["http-nio-8082"]
09:18:10.485 logback [main] INFO  o.a.catalina.core.StandardService - Starting service [Tomcat]
09:18:10.485 logback [main] INFO  o.a.catalina.core.StandardEngine - Starting Servlet engine: [Apache Tomcat/9.0.16]
09:18:10.491 logback [main] INFO  o.a.c.core.AprLifecycleListener - The APR based Apache Tomcat Native library which allows optimal performance in production environments was not found on the java.library.path: [/Users/haozongqiang/Library/Java/Extensions:/Library/Java/Extensions:/Network/Library/Java/Extensions:/System/Library/Java/Extensions:/usr/lib/java:.]
09:18:10.587 logback [main] INFO  o.a.c.c.C.[Tomcat].[localhost].[/] - Initializing Spring embedded WebApplicationContext
09:18:10.587 logback [main] INFO  o.s.web.context.ContextLoader - Root WebApplicationContext: initialization completed in 1344 ms
09:18:10.606 logback [main] DEBUG o.s.b.w.s.ServletContextInitializerBeans - Mapping filters: characterEncodingFilter urls=[/*], hiddenHttpMethodFilter urls=[/*], formContentFilter urls=[/*], requestContextFilter urls=[/*]
09:18:10.606 logback [main] DEBUG o.s.b.w.s.ServletContextInitializerBeans - Mapping servlets: dispatcherServlet urls=[/]
09:18:10.623 logback [main] DEBUG o.s.b.w.s.f.OrderedRequestContextFilter - Filter 'requestContextFilter' configured for use
09:18:10.623 logback [main] DEBUG o.s.b.w.s.f.OrderedHiddenHttpMethodFilter - Filter 'hiddenHttpMethodFilter' configured for use
09:18:10.623 logback [main] DEBUG o.s.b.w.s.f.OrderedCharacterEncodingFilter - Filter 'characterEncodingFilter' configured for use
09:18:10.625 logback [main] DEBUG o.s.b.w.s.f.OrderedFormContentFilter - Filter 'formContentFilter' configured for use
09:35:35.145 logback [main] WARN  o.s.b.w.s.c.AnnotationConfigServletWebServerApplicationContext - Exception encountered during context initialization - cancelling refresh attempt: org.springframework.beans.factory.BeanCreationException: Error creating bean with name 'chatClient' defined in file [/Users/haozongqiang/github/wrench/inner/target/classes/com/roll/wrench/inner/chat/ChatClient.class]: Invocation of init method failed; nested exception is java.io.IOException: Bad file descriptor
09:35:37.608 logback [main] DEBUG o.s.b.c.l.ClasspathLoggingApplicationListener - Application started with classpath: unknown
09:35:37.680 logback [main] INFO  c.roll.wrench.inner.InnerApplication - Starting InnerApplication on haozongqiangdeMacBook-Pro.local with PID 57841 (/Users/haozongqiang/github/wrench/inner/target/classes started by haozongqiang in /Users/haozongqiang/github/wrench)
09:35:37.680 logback [main] INFO  c.roll.wrench.inner.InnerApplication - No active profile set, falling back to default profiles: default
09:35:37.681 logback [main] DEBUG o.s.boot.SpringApplication - Loading source class com.roll.wrench.inner.InnerApplication
09:35:37.719 logback [main] DEBUG o.s.b.c.c.ConfigFileApplicationListener - Loaded config file 'file:/Users/haozongqiang/github/wrench/inner/target/classes/application.properties' (classpath:/application.properties)
09:35:37.744 logback [main] DEBUG o.s.b.w.s.c.AnnotationConfigServletWebServerApplicationContext - Refreshing org.springframework.boot.web.servlet.context.AnnotationConfigServletWebServerApplicationContext@34b9f960
09:35:38.811 logback [main] DEBUG o.s.b.w.e.t.TomcatServletWebServerFactory - Code archive: /Users/haozongqiang/.m2/repository/org/springframework/boot/spring-boot/2.1.3.RELEASE/spring-boot-2.1.3.RELEASE.jar
09:35:38.811 logback [main] DEBUG o.s.b.w.e.t.TomcatServletWebServerFactory - Code archive: /Users/haozongqiang/.m2/repository/org/springframework/boot/spring-boot/2.1.3.RELEASE/spring-boot-2.1.3.RELEASE.jar
09:35:38.811 logback [main] DEBUG o.s.b.w.e.t.TomcatServletWebServerFactory - None of the document roots [src/main/webapp, public, static] point to a directory and will be ignored.
09:35:38.834 logback [main] INFO  o.s.b.w.e.tomcat.TomcatWebServer - Tomcat initialized with port(s): 8082 (http)
09:35:38.847 logback [main] INFO  o.a.coyote.http11.Http11NioProtocol - Initializing ProtocolHandler ["http-nio-8082"]
09:35:38.857 logback [main] INFO  o.a.catalina.core.StandardService - Starting service [Tomcat]
09:35:38.858 logback [main] INFO  o.a.catalina.core.StandardEngine - Starting Servlet engine: [Apache Tomcat/9.0.16]
09:35:38.864 logback [main] INFO  o.a.c.core.AprLifecycleListener - The APR based Apache Tomcat Native library which allows optimal performance in production environments was not found on the java.library.path: [/Users/haozongqiang/Library/Java/Extensions:/Library/Java/Extensions:/Network/Library/Java/Extensions:/System/Library/Java/Extensions:/usr/lib/java:.]
09:35:38.942 logback [main] INFO  o.a.c.c.C.[Tomcat].[localhost].[/] - Initializing Spring embedded WebApplicationContext
09:35:38.942 logback [main] INFO  o.s.web.context.ContextLoader - Root WebApplicationContext: initialization completed in 1198 ms
09:35:38.960 logback [main] DEBUG o.s.b.w.s.ServletContextInitializerBeans - Mapping filters: characterEncodingFilter urls=[/*], hiddenHttpMethodFilter urls=[/*], formContentFilter urls=[/*], requestContextFilter urls=[/*]
09:35:38.961 logback [main] DEBUG o.s.b.w.s.ServletContextInitializerBeans - Mapping servlets: dispatcherServlet urls=[/]
09:35:38.977 logback [main] DEBUG o.s.b.w.s.f.OrderedRequestContextFilter - Filter 'requestContextFilter' configured for use
09:35:38.978 logback [main] DEBUG o.s.b.w.s.f.OrderedHiddenHttpMethodFilter - Filter 'hiddenHttpMethodFilter' configured for use
09:35:38.978 logback [main] DEBUG o.s.b.w.s.f.OrderedCharacterEncodingFilter - Filter 'characterEncodingFilter' configured for use
09:35:38.978 logback [main] DEBUG o.s.b.w.s.f.OrderedFormContentFilter - Filter 'formContentFilter' configured for use
